<?xml version="1.0" encoding="UTF-8"?>
<robot generator="Robot 5.0.1 (Python 3.10.5 on win32)" generated="20220615 01:00:16.089" rpa="false" schemaversion="3">
<suite id="s1" name="Inputbox" source="C:\Users\EBHSRAI\Desktop\OTHERS\Python\Automation\TestCases\Inputbox.robot">
<test id="s1-t1" name="TestingInputBox" line="9">
<kw name="Open Browser" library="SeleniumLibrary">
<arg>${url}</arg>
<arg>${browser}</arg>
<doc>Opens a new browser instance to the optional ``url``.</doc>
<msg timestamp="20220615 01:00:16.330" level="INFO">Opening browser 'chrome' to base url 'https://demo.nopcommerce.com/'.</msg>
<status status="PASS" starttime="20220615 01:00:16.329" endtime="20220615 01:00:30.716"/>
</kw>
<kw name="Maximize Browser Window" library="SeleniumLibrary">
<doc>Maximizes current browser window.</doc>
<status status="PASS" starttime="20220615 01:00:30.717" endtime="20220615 01:00:30.850"/>
</kw>
<kw name="Title Should Be" library="SeleniumLibrary">
<arg>nopCommerce demo store</arg>
<doc>Verifies that the current page title equals ``title``.</doc>
<msg timestamp="20220615 01:00:30.863" level="INFO">Page title is 'nopCommerce demo store'.</msg>
<status status="PASS" starttime="20220615 01:00:30.851" endtime="20220615 01:00:30.863"/>
</kw>
<kw name="Click Link" library="SeleniumLibrary">
<arg>xpath://a[contains(text(),'Log in')]</arg>
<doc>Clicks a link identified by ``locator``.</doc>
<msg timestamp="20220615 01:00:30.864" level="INFO">Clicking link 'xpath://a[contains(text(),'Log in')]'.</msg>
<status status="PASS" starttime="20220615 01:00:30.864" endtime="20220615 01:00:31.740"/>
</kw>
<kw name="Set Variable" library="BuiltIn">
<var>${"email_txt"}</var>
<arg>id:Email</arg>
<doc>Returns the given values which can then be assigned to a variables.</doc>
<msg timestamp="20220615 01:00:31.740" level="INFO">${"email_txt"} = id:Email</msg>
<status status="PASS" starttime="20220615 01:00:31.740" endtime="20220615 01:00:31.740"/>
</kw>
<kw name="Element Should Be Visible" library="SeleniumLibrary">
<arg>${"email_txt"}</arg>
<doc>Verifies that the element identified by ``locator`` is visible.</doc>
<msg timestamp="20220615 01:00:31.765" level="INFO">Element 'id:Email' is displayed.</msg>
<status status="PASS" starttime="20220615 01:00:31.741" endtime="20220615 01:00:31.765"/>
</kw>
<kw name="Element Should Be Enabled" library="SeleniumLibrary">
<arg>${"email_txt"}</arg>
<doc>Verifies that element identified by ``locator`` is enabled.</doc>
<status status="PASS" starttime="20220615 01:00:31.765" endtime="20220615 01:00:31.791"/>
</kw>
<kw name="Input Text" library="SeleniumLibrary">
<arg>${"email_txt"}</arg>
<arg>JhonDavid@gmail.com</arg>
<doc>Types the given ``text`` into the text field identified by ``locator``.</doc>
<msg timestamp="20220615 01:00:31.791" level="INFO">Typing text 'JhonDavid@gmail.com' into text field 'id:Email'.</msg>
<status status="PASS" starttime="20220615 01:00:31.791" endtime="20220615 01:00:31.866"/>
</kw>
<kw name="Sleep" library="BuiltIn">
<arg>5</arg>
<doc>Pauses the test executed for the given time.</doc>
<msg timestamp="20220615 01:00:36.871" level="INFO">Slept 5 seconds</msg>
<status status="PASS" starttime="20220615 01:00:31.867" endtime="20220615 01:00:36.872"/>
</kw>
<kw name="Clear Element Text" library="SeleniumLibrary">
<arg>${"email_txt"}</arg>
<doc>Clears the value of the text-input-element identified by ``locator``.</doc>
<status status="PASS" starttime="20220615 01:00:36.874" endtime="20220615 01:00:36.931"/>
</kw>
<kw name="Sleep" library="BuiltIn">
<arg>3</arg>
<doc>Pauses the test executed for the given time.</doc>
<msg timestamp="20220615 01:00:39.937" level="INFO">Slept 3 seconds</msg>
<status status="PASS" starttime="20220615 01:00:36.932" endtime="20220615 01:00:39.937"/>
</kw>
<kw name="Close Browser" library="SeleniumLibrary">
<doc>Closes the current browser.</doc>
<status status="PASS" starttime="20220615 01:00:39.939" endtime="20220615 01:00:42.277"/>
</kw>
<status status="PASS" starttime="20220615 01:00:16.329" endtime="20220615 01:00:42.279"/>
</test>
<status status="PASS" starttime="20220615 01:00:16.091" endtime="20220615 01:00:42.285"/>
</suite>
<statistics>
<total>
<stat pass="1" fail="0" skip="0">All Tests</stat>
</total>
<tag>
</tag>
<suite>
<stat pass="1" fail="0" skip="0" id="s1" name="Inputbox">Inputbox</stat>
</suite>
</statistics>
<errors>
</errors>
</robot>
